app/build/intermediates/manifest_merge_blame_file/debug/manifest-merger-blame-debug-report.txt
1<?xml version="1.0" encoding="utf-8"?>
2<manifest xmlns:android="http://schemas.android.com/apk/res/android"
3    package="com.sushil.brithdaywishing"
4    android:versionCode="1"
5    android:versionName="1.0" >
6
7    <uses-sdk
8        android:minSdkVersion="21"
8-->src\main\AndroidManifest.xml
9        android:targetSdkVersion="31" />
9-->src\main\AndroidManifest.xml
10
11    <uses-permission android:name="android.permission.READ_EXTERNAL_STORAGE" />
11-->src\main\AndroidManifest.xml:5:5-79
11-->src\main\AndroidManifest.xml:5:22-77
12    <uses-permission android:name="android.permission.WRITE_EXTERNAL_STORAGE" />
12-->src\main\AndroidManifest.xml:6:5-80
12-->src\main\AndroidManifest.xml:6:22-78
13
14    <application
14-->src\main\AndroidManifest.xml:7:5-38:19
15        android:allowBackup="true"
15-->src\main\AndroidManifest.xml:8:9-35
16        android:appComponentFactory="androidx.core.app.CoreComponentFactory"
16-->[androidx.core:core:1.5.0] AndroidManifest.xml:24:18-86
17        android:debuggable="true"
18        android:icon="@mipmap/ic_launcher"
18-->src\main\AndroidManifest.xml:9:9-43
19        android:label="@string/app_name"
19-->src\main\AndroidManifest.xml:10:9-41
20        android:roundIcon="@mipmap/ic_launcher_round"
20-->src\main\AndroidManifest.xml:11:9-54
21        android:supportsRtl="true"
21-->src\main\AndroidManifest.xml:12:9-35
22        android:testOnly="true"
23        android:theme="@style/Theme.BrithdayWishing" >
23-->src\main\AndroidManifest.xml:13:9-53
24        <activity
24-->src\main\AndroidManifest.xml:14:9-16:40
25            android:name="com.sushil.brithdaywishing.WishingScreen"
25-->src\main\AndroidManifest.xml:15:13-68
26            android:exported="false" />
26-->src\main\AndroidManifest.xml:16:13-37
27        <activity
27-->src\main\AndroidManifest.xml:17:9-25:20
28            android:name="com.sushil.brithdaywishing.MainActivity"
28-->src\main\AndroidManifest.xml:18:13-67
29            android:exported="true" >
29-->src\main\AndroidManifest.xml:19:13-36
30            <intent-filter>
30-->src\main\AndroidManifest.xml:20:13-24:29
31                <action android:name="android.intent.action.MAIN" />
31-->src\main\AndroidManifest.xml:21:17-69
31-->src\main\AndroidManifest.xml:21:25-66
32
33                <category android:name="android.intent.category.LAUNCHER" />
33-->src\main\AndroidManifest.xml:23:17-77
33-->src\main\AndroidManifest.xml:23:27-74
34            </intent-filter>
35        </activity>
36
37        <provider
37-->src\main\AndroidManifest.xml:26:9-34:20
38            android:name="androidx.core.content.FileProvider"
38-->src\main\AndroidManifest.xml:28:13-62
39            android:authorities="com.sushil.shareImage.fileProvider"
39-->src\main\AndroidManifest.xml:27:13-69
40            android:exported="false"
40-->src\main\AndroidManifest.xml:29:13-37
41            android:grantUriPermissions="true" >
41-->src\main\AndroidManifest.xml:30:13-47
42            <meta-data
42-->src\main\AndroidManifest.xml:31:13-33:47
43                android:name="android.support.FILE_PROVIDER_PATHS"
43-->src\main\AndroidManifest.xml:32:17-67
44                android:resource="@xml/path" />
44-->src\main\AndroidManifest.xml:33:17-45
45        </provider>
46
47        <meta-data
47-->src\main\AndroidManifest.xml:35:9-37:57
48            android:name="preloaded_fonts"
48-->src\main\AndroidManifest.xml:36:13-43
49            android:resource="@array/preloaded_fonts" />
49-->src\main\AndroidManifest.xml:37:13-54
50    </application>
51
52</manifest>